0 verbose cli /usr/local/bin/node /usr/local/bin/npm
1 info using npm@10.9.4
2 info using node@v22.21.1
3 silly config load:file:/usr/local/lib/node_modules/npm/npmrc
4 silly config load:file:/Users/skye/work/edu/frontend/.npmrc
5 silly config load:file:/Users/skye/.npmrc
6 silly config load:file:/usr/local/etc/npmrc
7 verbose title npm install
8 verbose argv "install"
9 verbose logfile logs-max:10 dir:/Users/skye/work/edu/.npm-cache/_logs/2025-12-01T06_17_51_307Z-
10 verbose logfile /Users/skye/work/edu/.npm-cache/_logs/2025-12-01T06_17_51_307Z-debug-0.log
11 silly logfile done cleaning log files
12 silly packumentCache heap:2197815296 maxSize:549453824 maxEntrySize:274726912
13 silly idealTree buildDeps
14 silly fetch manifest vue@^3.5.24
15 silly packumentCache full:https://registry.npmjs.org/vue cache-miss
16 http fetch GET 200 https://registry.npmjs.org/vue 2416ms (cache miss)
17 silly packumentCache full:https://registry.npmjs.org/vue set size:undefined disposed:false
18 silly fetch manifest typescript@*
19 silly packumentCache full:https://registry.npmjs.org/typescript cache-miss
20 http fetch GET 200 https://registry.npmjs.org/typescript 2918ms (cache miss)
21 silly packumentCache full:https://registry.npmjs.org/typescript set size:undefined disposed:false
22 silly fetch manifest @vitejs/plugin-vue@^6.0.1
23 silly packumentCache full:https://registry.npmjs.org/@vitejs%2fplugin-vue cache-miss
24 http fetch GET 200 https://registry.npmjs.org/@vitejs%2fplugin-vue 537ms (cache miss)
25 silly packumentCache full:https://registry.npmjs.org/@vitejs%2fplugin-vue set size:undefined disposed:false
26 silly fetch manifest vite@^7.2.4
27 silly packumentCache full:https://registry.npmjs.org/vite cache-miss
28 http fetch GET 200 https://registry.npmjs.org/vite 5040ms (cache miss)
29 silly packumentCache full:https://registry.npmjs.org/vite set size:undefined disposed:false
30 silly fetch manifest @types/node@^20.19.0 || >=22.12.0
31 silly packumentCache full:https://registry.npmjs.org/@types%2fnode cache-miss
32 http fetch GET 200 https://registry.npmjs.org/@types%2fnode 1709ms (cache miss)
33 silly packumentCache full:https://registry.npmjs.org/@types%2fnode set size:undefined disposed:false
34 silly fetch manifest jiti@>=1.21.0
35 silly packumentCache full:https://registry.npmjs.org/jiti cache-miss
36 http fetch GET 200 https://registry.npmjs.org/jiti 468ms (cache miss)
37 silly packumentCache full:https://registry.npmjs.org/jiti set size:undefined disposed:false
38 silly fetch manifest less@^4.0.0
39 silly packumentCache full:https://registry.npmjs.org/less cache-miss
40 http fetch GET 200 https://registry.npmjs.org/less 244ms (cache miss)
41 silly packumentCache full:https://registry.npmjs.org/less set size:undefined disposed:false
42 silly fetch manifest lightningcss@^1.21.0
43 silly packumentCache full:https://registry.npmjs.org/lightningcss cache-miss
44 http fetch GET 200 https://registry.npmjs.org/lightningcss 215ms (cache miss)
45 silly packumentCache full:https://registry.npmjs.org/lightningcss set size:undefined disposed:false
46 silly fetch manifest sass@^1.70.0
47 silly packumentCache full:https://registry.npmjs.org/sass cache-miss
48 http fetch GET 200 https://registry.npmjs.org/sass 552ms (cache miss)
49 silly packumentCache full:https://registry.npmjs.org/sass set size:undefined disposed:false
50 silly fetch manifest sass-embedded@^1.70.0
51 silly packumentCache full:https://registry.npmjs.org/sass-embedded cache-miss
52 http fetch GET 200 https://registry.npmjs.org/sass-embedded 237ms (cache miss)
53 silly packumentCache full:https://registry.npmjs.org/sass-embedded set size:undefined disposed:false
54 silly fetch manifest stylus@>=0.54.8
55 silly packumentCache full:https://registry.npmjs.org/stylus cache-miss
56 http fetch GET 200 https://registry.npmjs.org/stylus 497ms (cache miss)
57 silly packumentCache full:https://registry.npmjs.org/stylus set size:undefined disposed:false
58 silly fetch manifest sugarss@^5.0.0
59 silly packumentCache full:https://registry.npmjs.org/sugarss cache-miss
60 http fetch GET 200 https://registry.npmjs.org/sugarss 221ms (cache miss)
61 silly packumentCache full:https://registry.npmjs.org/sugarss set size:undefined disposed:false
62 silly fetch manifest postcss@^8.3.3
63 silly packumentCache full:https://registry.npmjs.org/postcss cache-miss
64 http fetch GET 200 https://registry.npmjs.org/postcss 644ms (cache miss)
65 silly packumentCache full:https://registry.npmjs.org/postcss set size:undefined disposed:false
66 silly fetch manifest terser@^5.16.0
67 silly packumentCache full:https://registry.npmjs.org/terser cache-miss
68 http fetch GET 200 https://registry.npmjs.org/terser 672ms (cache miss)
69 silly packumentCache full:https://registry.npmjs.org/terser set size:undefined disposed:false
70 silly fetch manifest tsx@^4.8.1
71 silly packumentCache full:https://registry.npmjs.org/tsx cache-miss
72 http fetch GET 200 https://registry.npmjs.org/tsx 297ms (cache miss)
73 silly packumentCache full:https://registry.npmjs.org/tsx set size:undefined disposed:false
74 silly fetch manifest yaml@^2.4.2
75 silly packumentCache full:https://registry.npmjs.org/yaml cache-miss
76 http fetch GET 200 https://registry.npmjs.org/yaml 613ms (cache miss)
77 silly packumentCache full:https://registry.npmjs.org/yaml set size:undefined disposed:false
78 silly placeDep ROOT @vitejs/plugin-vue@6.0.2 OK for: frontend@0.0.0 want: ^6.0.1
79 silly placeDep ROOT vite@7.2.6 OK for: @vitejs/plugin-vue@6.0.2 want: ^5.0.0 || ^6.0.0 || ^7.0.0
80 silly placeDep ROOT vue@3.5.25 OK for: @vitejs/plugin-vue@6.0.2 want: ^3.2.25
81 silly fetch manifest @rolldown/pluginutils@1.0.0-beta.50
82 silly packumentCache full:https://registry.npmjs.org/@rolldown%2fpluginutils cache-miss
83 silly fetch manifest @vue/shared@3.5.25
84 silly packumentCache full:https://registry.npmjs.org/@vue%2fshared cache-miss
85 silly fetch manifest @vue/runtime-dom@3.5.25
86 silly packumentCache full:https://registry.npmjs.org/@vue%2fruntime-dom cache-miss
87 http fetch GET 200 https://registry.npmjs.org/@rolldown%2fpluginutils 482ms (cache miss)
88 silly packumentCache full:https://registry.npmjs.org/@rolldown%2fpluginutils set size:undefined disposed:false
89 silly fetch manifest @vue/compiler-dom@3.5.25
90 silly packumentCache full:https://registry.npmjs.org/@vue%2fcompiler-dom cache-miss
91 http fetch GET 200 https://registry.npmjs.org/@vue%2fshared 967ms (cache miss)
92 silly packumentCache full:https://registry.npmjs.org/@vue%2fshared set size:undefined disposed:false
93 silly fetch manifest @vue/compiler-sfc@3.5.25
94 silly packumentCache full:https://registry.npmjs.org/@vue%2fcompiler-sfc cache-miss
95 http fetch GET 200 https://registry.npmjs.org/@vue%2fruntime-dom 1289ms (cache miss)
96 silly packumentCache full:https://registry.npmjs.org/@vue%2fruntime-dom set size:undefined disposed:false
97 silly fetch manifest @vue/server-renderer@3.5.25
98 silly packumentCache full:https://registry.npmjs.org/@vue%2fserver-renderer cache-miss
99 http fetch GET 200 https://registry.npmjs.org/@vue%2fcompiler-sfc 671ms (cache miss)
100 silly packumentCache full:https://registry.npmjs.org/@vue%2fcompiler-sfc set size:undefined disposed:false
101 silly fetch manifest esbuild@^0.25.0
102 silly packumentCache full:https://registry.npmjs.org/esbuild cache-miss
103 http fetch GET 200 https://registry.npmjs.org/@vue%2fcompiler-dom 1192ms (cache miss)
104 silly packumentCache full:https://registry.npmjs.org/@vue%2fcompiler-dom set size:undefined disposed:false
105 silly fetch manifest fdir@^6.5.0
106 silly packumentCache full:https://registry.npmjs.org/fdir cache-miss
107 http fetch GET 200 https://registry.npmjs.org/esbuild 276ms (cache miss)
108 silly packumentCache full:https://registry.npmjs.org/esbuild set size:undefined disposed:false
109 silly fetch manifest picomatch@^4.0.3
110 silly packumentCache full:https://registry.npmjs.org/picomatch cache-miss
111 http fetch GET 200 https://registry.npmjs.org/@vue%2fserver-renderer 671ms (cache miss)
112 silly packumentCache full:https://registry.npmjs.org/@vue%2fserver-renderer set size:undefined disposed:false
113 silly fetch manifest postcss@^8.5.6
114 silly packumentCache full:https://registry.npmjs.org/postcss cache-miss
115 http cache https://registry.npmjs.org/postcss 12ms (cache hit)
116 silly packumentCache full:https://registry.npmjs.org/postcss set size:696248 disposed:false
117 silly fetch manifest rollup@^4.43.0
118 silly packumentCache full:https://registry.npmjs.org/rollup cache-miss
119 http fetch GET 200 https://registry.npmjs.org/fdir 361ms (cache miss)
120 silly packumentCache full:https://registry.npmjs.org/fdir set size:undefined disposed:false
121 silly fetch manifest tinyglobby@^0.2.15
122 silly packumentCache full:https://registry.npmjs.org/tinyglobby cache-miss
123 http fetch GET 200 https://registry.npmjs.org/tinyglobby 234ms (cache miss)
124 silly packumentCache full:https://registry.npmjs.org/tinyglobby set size:undefined disposed:false
125 silly fetch manifest fsevents@~2.3.3
126 silly packumentCache full:https://registry.npmjs.org/fsevents cache-miss
127 http fetch GET 200 https://registry.npmjs.org/picomatch 620ms (cache miss)
128 silly packumentCache full:https://registry.npmjs.org/picomatch set size:undefined disposed:false
129 http fetch GET 200 https://registry.npmjs.org/fsevents 403ms (cache miss)
130 silly packumentCache full:https://registry.npmjs.org/fsevents set size:undefined disposed:false
131 http fetch GET 200 https://registry.npmjs.org/rollup 756ms (cache miss)
132 silly packumentCache full:https://registry.npmjs.org/rollup set size:undefined disposed:false
133 silly placeDep ROOT @rolldown/pluginutils@1.0.0-beta.50 OK for: @vitejs/plugin-vue@6.0.2 want: 1.0.0-beta.50
134 silly placeDep ROOT esbuild@0.25.12 OK for: vite@7.2.6 want: ^0.25.0
135 silly placeDep ROOT fdir@6.5.0 OK for: vite@7.2.6 want: ^6.5.0
136 silly placeDep ROOT fsevents@2.3.3 OK for: vite@7.2.6 want: ~2.3.3
137 silly placeDep ROOT picomatch@4.0.3 OK for: vite@7.2.6 want: ^4.0.3
138 silly placeDep ROOT postcss@8.5.6 OK for: vite@7.2.6 want: ^8.5.6
139 silly placeDep ROOT rollup@4.53.3 OK for: vite@7.2.6 want: ^4.43.0
140 silly placeDep ROOT tinyglobby@0.2.15 OK for: vite@7.2.6 want: ^0.2.15
141 silly fetch manifest @esbuild/aix-ppc64@0.25.12
142 silly packumentCache full:https://registry.npmjs.org/@esbuild%2faix-ppc64 cache-miss
143 silly fetch manifest @esbuild/linux-arm@0.25.12
144 silly packumentCache full:https://registry.npmjs.org/@esbuild%2flinux-arm cache-miss
145 silly fetch manifest @esbuild/linux-x64@0.25.12
146 silly packumentCache full:https://registry.npmjs.org/@esbuild%2flinux-x64 cache-miss
147 http fetch GET 200 https://registry.npmjs.org/@esbuild%2faix-ppc64 224ms (cache miss)
148 silly packumentCache full:https://registry.npmjs.org/@esbuild%2faix-ppc64 set size:undefined disposed:false
149 silly fetch manifest @esbuild/sunos-x64@0.25.12
150 silly packumentCache full:https://registry.npmjs.org/@esbuild%2fsunos-x64 cache-miss
151 http fetch GET 200 https://registry.npmjs.org/@esbuild%2flinux-arm 548ms (cache miss)
152 silly packumentCache full:https://registry.npmjs.org/@esbuild%2flinux-arm set size:undefined disposed:false
153 silly fetch manifest @esbuild/win32-x64@0.25.12
154 silly packumentCache full:https://registry.npmjs.org/@esbuild%2fwin32-x64 cache-miss
155 http fetch GET 200 https://registry.npmjs.org/@esbuild%2fsunos-x64 326ms (cache miss)
156 silly packumentCache full:https://registry.npmjs.org/@esbuild%2fsunos-x64 set size:undefined disposed:false
157 silly fetch manifest @esbuild/darwin-x64@0.25.12
158 silly packumentCache full:https://registry.npmjs.org/@esbuild%2fdarwin-x64 cache-miss
159 http fetch GET 200 https://registry.npmjs.org/@esbuild%2flinux-x64 559ms (cache miss)
160 silly packumentCache full:https://registry.npmjs.org/@esbuild%2flinux-x64 set size:undefined disposed:false
161 silly fetch manifest @esbuild/linux-ia32@0.25.12
162 silly packumentCache full:https://registry.npmjs.org/@esbuild%2flinux-ia32 cache-miss
163 http fetch GET 200 https://registry.npmjs.org/@esbuild%2fdarwin-x64 259ms (cache miss)
164 silly packumentCache full:https://registry.npmjs.org/@esbuild%2fdarwin-x64 set size:undefined disposed:false
165 silly fetch manifest @esbuild/netbsd-x64@0.25.12
166 silly packumentCache full:https://registry.npmjs.org/@esbuild%2fnetbsd-x64 cache-miss
167 http fetch GET 200 https://registry.npmjs.org/@esbuild%2flinux-ia32 254ms (cache miss)
168 silly packumentCache full:https://registry.npmjs.org/@esbuild%2flinux-ia32 set size:undefined disposed:false
169 silly fetch manifest @esbuild/win32-ia32@0.25.12
170 silly packumentCache full:https://registry.npmjs.org/@esbuild%2fwin32-ia32 cache-miss
171 http fetch GET 200 https://registry.npmjs.org/@esbuild%2fwin32-x64 466ms (cache miss)
172 silly packumentCache full:https://registry.npmjs.org/@esbuild%2fwin32-x64 set size:undefined disposed:false
173 silly fetch manifest @esbuild/android-arm@0.25.12
174 silly packumentCache full:https://registry.npmjs.org/@esbuild%2fandroid-arm cache-miss
175 http fetch GET 200 https://registry.npmjs.org/@esbuild%2fnetbsd-x64 252ms (cache miss)
176 silly packumentCache full:https://registry.npmjs.org/@esbuild%2fnetbsd-x64 set size:undefined disposed:false
177 silly fetch manifest @esbuild/android-x64@0.25.12
178 silly packumentCache full:https://registry.npmjs.org/@esbuild%2fandroid-x64 cache-miss
179 http fetch GET 200 https://registry.npmjs.org/@esbuild%2fandroid-x64 262ms (cache miss)
180 silly packumentCache full:https://registry.npmjs.org/@esbuild%2fandroid-x64 set size:undefined disposed:false
181 silly fetch manifest @esbuild/freebsd-x64@0.25.12
182 silly packumentCache full:https://registry.npmjs.org/@esbuild%2ffreebsd-x64 cache-miss
183 http fetch GET 200 https://registry.npmjs.org/@esbuild%2fwin32-ia32 518ms (cache miss)
184 silly packumentCache full:https://registry.npmjs.org/@esbuild%2fwin32-ia32 set size:undefined disposed:false
185 silly fetch manifest @esbuild/linux-arm64@0.25.12
186 silly packumentCache full:https://registry.npmjs.org/@esbuild%2flinux-arm64 cache-miss
187 http fetch GET 200 https://registry.npmjs.org/@esbuild%2flinux-arm64 231ms (cache miss)
188 silly packumentCache full:https://registry.npmjs.org/@esbuild%2flinux-arm64 set size:undefined disposed:false
189 silly fetch manifest @esbuild/linux-ppc64@0.25.12
190 silly packumentCache full:https://registry.npmjs.org/@esbuild%2flinux-ppc64 cache-miss
191 http fetch GET 200 https://registry.npmjs.org/@esbuild%2ffreebsd-x64 245ms (cache miss)
192 silly packumentCache full:https://registry.npmjs.org/@esbuild%2ffreebsd-x64 set size:undefined disposed:false
193 silly fetch manifest @esbuild/linux-s390x@0.25.12
194 silly packumentCache full:https://registry.npmjs.org/@esbuild%2flinux-s390x cache-miss
195 http fetch GET 200 https://registry.npmjs.org/@esbuild%2fandroid-arm 687ms (cache miss)
196 silly packumentCache full:https://registry.npmjs.org/@esbuild%2fandroid-arm set size:undefined disposed:false
197 silly fetch manifest @esbuild/openbsd-x64@0.25.12
198 silly packumentCache full:https://registry.npmjs.org/@esbuild%2fopenbsd-x64 cache-miss
199 http fetch GET 200 https://registry.npmjs.org/@esbuild%2flinux-ppc64 221ms (cache miss)
200 silly packumentCache full:https://registry.npmjs.org/@esbuild%2flinux-ppc64 set size:undefined disposed:false
201 silly fetch manifest @esbuild/win32-arm64@0.25.12
202 silly packumentCache full:https://registry.npmjs.org/@esbuild%2fwin32-arm64 cache-miss
203 http fetch GET 200 https://registry.npmjs.org/@esbuild%2flinux-s390x 235ms (cache miss)
204 silly packumentCache full:https://registry.npmjs.org/@esbuild%2flinux-s390x set size:undefined disposed:false
205 silly fetch manifest @esbuild/darwin-arm64@0.25.12
206 silly packumentCache full:https://registry.npmjs.org/@esbuild%2fdarwin-arm64 cache-miss
207 http fetch GET 200 https://registry.npmjs.org/@esbuild%2fwin32-arm64 233ms (cache miss)
208 silly packumentCache full:https://registry.npmjs.org/@esbuild%2fwin32-arm64 set size:undefined disposed:false
209 silly fetch manifest @esbuild/netbsd-arm64@0.25.12
210 silly packumentCache full:https://registry.npmjs.org/@esbuild%2fnetbsd-arm64 cache-miss
211 http fetch GET 200 https://registry.npmjs.org/@esbuild%2fdarwin-arm64 245ms (cache miss)
212 silly packumentCache full:https://registry.npmjs.org/@esbuild%2fdarwin-arm64 set size:undefined disposed:false
213 silly fetch manifest @esbuild/android-arm64@0.25.12
214 silly packumentCache full:https://registry.npmjs.org/@esbuild%2fandroid-arm64 cache-miss
215 http fetch GET 200 https://registry.npmjs.org/@esbuild%2fnetbsd-arm64 236ms (cache miss)
216 silly packumentCache full:https://registry.npmjs.org/@esbuild%2fnetbsd-arm64 set size:undefined disposed:false
217 silly fetch manifest @esbuild/freebsd-arm64@0.25.12
218 silly packumentCache full:https://registry.npmjs.org/@esbuild%2ffreebsd-arm64 cache-miss
219 http fetch GET 200 https://registry.npmjs.org/@esbuild%2fandroid-arm64 300ms (cache miss)
220 silly packumentCache full:https://registry.npmjs.org/@esbuild%2fandroid-arm64 set size:undefined disposed:false
221 silly fetch manifest @esbuild/linux-loong64@0.25.12
222 silly packumentCache full:https://registry.npmjs.org/@esbuild%2flinux-loong64 cache-miss
223 http fetch GET 200 https://registry.npmjs.org/@esbuild%2fopenbsd-x64 770ms (cache miss)
224 silly packumentCache full:https://registry.npmjs.org/@esbuild%2fopenbsd-x64 set size:undefined disposed:false
225 silly fetch manifest @esbuild/linux-riscv64@0.25.12
226 silly packumentCache full:https://registry.npmjs.org/@esbuild%2flinux-riscv64 cache-miss
227 http fetch GET 200 https://registry.npmjs.org/@esbuild%2ffreebsd-arm64 221ms (cache miss)
228 silly packumentCache full:https://registry.npmjs.org/@esbuild%2ffreebsd-arm64 set size:undefined disposed:false
229 silly fetch manifest @esbuild/openbsd-arm64@0.25.12
230 silly packumentCache full:https://registry.npmjs.org/@esbuild%2fopenbsd-arm64 cache-miss
231 http fetch GET 200 https://registry.npmjs.org/@esbuild%2fopenbsd-arm64 231ms (cache miss)
232 silly packumentCache full:https://registry.npmjs.org/@esbuild%2fopenbsd-arm64 set size:undefined disposed:false
233 silly fetch manifest @esbuild/linux-mips64el@0.25.12
234 silly packumentCache full:https://registry.npmjs.org/@esbuild%2flinux-mips64el cache-miss
235 http fetch GET 200 https://registry.npmjs.org/@esbuild%2flinux-loong64 485ms (cache miss)
236 silly packumentCache full:https://registry.npmjs.org/@esbuild%2flinux-loong64 set size:undefined disposed:false
237 silly fetch manifest @esbuild/openharmony-arm64@0.25.12
238 silly packumentCache full:https://registry.npmjs.org/@esbuild%2fopenharmony-arm64 cache-miss
239 http fetch GET 200 https://registry.npmjs.org/@esbuild%2flinux-mips64el 230ms (cache miss)
240 silly packumentCache full:https://registry.npmjs.org/@esbuild%2flinux-mips64el set size:undefined disposed:false
241 silly fetch manifest nanoid@^3.3.11
242 silly packumentCache full:https://registry.npmjs.org/nanoid cache-miss
243 http fetch GET 200 https://registry.npmjs.org/@esbuild%2flinux-riscv64 600ms (cache miss)
244 silly packumentCache full:https://registry.npmjs.org/@esbuild%2flinux-riscv64 set size:undefined disposed:false
245 silly fetch manifest picocolors@^1.1.1
246 silly packumentCache full:https://registry.npmjs.org/picocolors cache-miss
247 http fetch GET 200 https://registry.npmjs.org/@esbuild%2fopenharmony-arm64 287ms (cache miss)
248 silly packumentCache full:https://registry.npmjs.org/@esbuild%2fopenharmony-arm64 set size:undefined disposed:false
249 silly fetch manifest source-map-js@^1.2.1
250 silly packumentCache full:https://registry.npmjs.org/source-map-js cache-miss
251 http fetch GET 200 https://registry.npmjs.org/nanoid 220ms (cache miss)
252 silly packumentCache full:https://registry.npmjs.org/nanoid set size:undefined disposed:false
253 silly fetch manifest @types/estree@1.0.8
254 silly packumentCache full:https://registry.npmjs.org/@types%2festree cache-miss
255 http fetch GET 200 https://registry.npmjs.org/picocolors 220ms (cache miss)
256 silly packumentCache full:https://registry.npmjs.org/picocolors set size:undefined disposed:false
257 silly fetch manifest @rollup/rollup-darwin-arm64@4.53.3
258 silly packumentCache full:https://registry.npmjs.org/@rollup%2frollup-darwin-arm64 cache-miss
259 http fetch GET 200 https://registry.npmjs.org/@types%2festree 212ms (cache miss)
260 silly packumentCache full:https://registry.npmjs.org/@types%2festree set size:undefined disposed:false
261 silly fetch manifest @rollup/rollup-android-arm64@4.53.3
262 silly packumentCache full:https://registry.npmjs.org/@rollup%2frollup-android-arm64 cache-miss
263 http fetch GET 200 https://registry.npmjs.org/@rollup%2frollup-android-arm64 220ms (cache miss)
264 silly packumentCache full:https://registry.npmjs.org/@rollup%2frollup-android-arm64 set size:undefined disposed:false
265 silly fetch manifest @rollup/rollup-win32-arm64-msvc@4.53.3
266 silly packumentCache full:https://registry.npmjs.org/@rollup%2frollup-win32-arm64-msvc cache-miss
267 http fetch GET 200 https://registry.npmjs.org/source-map-js 525ms (cache miss)
268 silly packumentCache full:https://registry.npmjs.org/source-map-js set size:undefined disposed:false
269 silly fetch manifest @rollup/rollup-freebsd-arm64@4.53.3
270 silly packumentCache full:https://registry.npmjs.org/@rollup%2frollup-freebsd-arm64 cache-miss
271 http fetch GET 200 https://registry.npmjs.org/@rollup%2frollup-win32-arm64-msvc 225ms (cache miss)
272 silly packumentCache full:https://registry.npmjs.org/@rollup%2frollup-win32-arm64-msvc set size:undefined disposed:false
273 silly fetch manifest @rollup/rollup-linux-arm64-gnu@4.53.3
274 silly packumentCache full:https://registry.npmjs.org/@rollup%2frollup-linux-arm64-gnu cache-miss
275 http fetch GET 200 https://registry.npmjs.org/@rollup%2frollup-darwin-arm64 665ms (cache miss)
276 silly packumentCache full:https://registry.npmjs.org/@rollup%2frollup-darwin-arm64 set size:undefined disposed:false
277 silly fetch manifest @rollup/rollup-linux-arm64-musl@4.53.3
278 silly packumentCache full:https://registry.npmjs.org/@rollup%2frollup-linux-arm64-musl cache-miss
279 http fetch GET 200 https://registry.npmjs.org/@rollup%2frollup-linux-arm64-gnu 235ms (cache miss)
280 silly packumentCache full:https://registry.npmjs.org/@rollup%2frollup-linux-arm64-gnu set size:undefined disposed:false
281 silly fetch manifest @rollup/rollup-android-arm-eabi@4.53.3
282 silly packumentCache full:https://registry.npmjs.org/@rollup%2frollup-android-arm-eabi cache-miss
283 http fetch GET 200 https://registry.npmjs.org/@rollup%2frollup-android-arm-eabi 268ms (cache miss)
284 silly packumentCache full:https://registry.npmjs.org/@rollup%2frollup-android-arm-eabi set size:undefined disposed:false
285 silly fetch manifest @rollup/rollup-linux-arm-gnueabihf@4.53.3
286 silly packumentCache full:https://registry.npmjs.org/@rollup%2frollup-linux-arm-gnueabihf cache-miss
287 http fetch GET 200 https://registry.npmjs.org/@rollup%2frollup-linux-arm64-musl 406ms (cache miss)
288 silly packumentCache full:https://registry.npmjs.org/@rollup%2frollup-linux-arm64-musl set size:undefined disposed:false
289 silly fetch manifest @rollup/rollup-linux-arm-musleabihf@4.53.3
290 silly packumentCache full:https://registry.npmjs.org/@rollup%2frollup-linux-arm-musleabihf cache-miss
291 http fetch GET 200 https://registry.npmjs.org/@rollup%2frollup-freebsd-arm64 719ms (cache miss)
292 silly packumentCache full:https://registry.npmjs.org/@rollup%2frollup-freebsd-arm64 set size:undefined disposed:false
293 silly fetch manifest @rollup/rollup-win32-ia32-msvc@4.53.3
294 silly packumentCache full:https://registry.npmjs.org/@rollup%2frollup-win32-ia32-msvc cache-miss
295 http fetch GET 200 https://registry.npmjs.org/@rollup%2frollup-linux-arm-gnueabihf 218ms (cache miss)
296 silly packumentCache full:https://registry.npmjs.org/@rollup%2frollup-linux-arm-gnueabihf set size:undefined disposed:false
297 silly fetch manifest @rollup/rollup-linux-loong64-gnu@4.53.3
298 silly packumentCache full:https://registry.npmjs.org/@rollup%2frollup-linux-loong64-gnu cache-miss
299 http fetch GET 200 https://registry.npmjs.org/@rollup%2frollup-linux-loong64-gnu 253ms (cache miss)
300 silly packumentCache full:https://registry.npmjs.org/@rollup%2frollup-linux-loong64-gnu set size:undefined disposed:false
301 silly fetch manifest @rollup/rollup-linux-riscv64-gnu@4.53.3
302 silly packumentCache full:https://registry.npmjs.org/@rollup%2frollup-linux-riscv64-gnu cache-miss
303 http fetch GET 200 https://registry.npmjs.org/@rollup%2frollup-linux-arm-musleabihf 559ms (cache miss)
304 silly packumentCache full:https://registry.npmjs.org/@rollup%2frollup-linux-arm-musleabihf set size:undefined disposed:false
305 silly fetch manifest @rollup/rollup-linux-riscv64-musl@4.53.3
306 silly packumentCache full:https://registry.npmjs.org/@rollup%2frollup-linux-riscv64-musl cache-miss
307 http fetch GET 200 https://registry.npmjs.org/@rollup%2frollup-linux-riscv64-gnu 234ms (cache miss)
308 silly packumentCache full:https://registry.npmjs.org/@rollup%2frollup-linux-riscv64-gnu set size:undefined disposed:false
309 silly fetch manifest @rollup/rollup-linux-ppc64-gnu@4.53.3
310 silly packumentCache full:https://registry.npmjs.org/@rollup%2frollup-linux-ppc64-gnu cache-miss
311 http fetch GET 200 https://registry.npmjs.org/@rollup%2frollup-linux-ppc64-gnu 225ms (cache miss)
312 silly packumentCache full:https://registry.npmjs.org/@rollup%2frollup-linux-ppc64-gnu set size:undefined disposed:false
313 silly fetch manifest @rollup/rollup-linux-s390x-gnu@4.53.3
314 silly packumentCache full:https://registry.npmjs.org/@rollup%2frollup-linux-s390x-gnu cache-miss
315 http fetch GET 200 https://registry.npmjs.org/@rollup%2frollup-linux-riscv64-musl 506ms (cache miss)
316 silly packumentCache full:https://registry.npmjs.org/@rollup%2frollup-linux-riscv64-musl set size:undefined disposed:false
317 silly fetch manifest @rollup/rollup-darwin-x64@4.53.3
318 silly packumentCache full:https://registry.npmjs.org/@rollup%2frollup-darwin-x64 cache-miss
319 http fetch GET 200 https://registry.npmjs.org/@rollup%2frollup-win32-ia32-msvc 1084ms (cache miss)
320 silly packumentCache full:https://registry.npmjs.org/@rollup%2frollup-win32-ia32-msvc set size:undefined disposed:false
321 silly fetch manifest @rollup/rollup-win32-x64-gnu@4.53.3
322 silly packumentCache full:https://registry.npmjs.org/@rollup%2frollup-win32-x64-gnu cache-miss
323 http fetch GET 200 https://registry.npmjs.org/@rollup%2frollup-linux-s390x-gnu 450ms (cache miss)
324 silly packumentCache full:https://registry.npmjs.org/@rollup%2frollup-linux-s390x-gnu set size:undefined disposed:false
325 silly fetch manifest @rollup/rollup-win32-x64-msvc@4.53.3
326 silly packumentCache full:https://registry.npmjs.org/@rollup%2frollup-win32-x64-msvc cache-miss
327 http fetch GET 200 https://registry.npmjs.org/@rollup%2frollup-win32-x64-gnu 295ms (cache miss)
328 silly packumentCache full:https://registry.npmjs.org/@rollup%2frollup-win32-x64-gnu set size:undefined disposed:false
329 silly fetch manifest @rollup/rollup-freebsd-x64@4.53.3
330 silly packumentCache full:https://registry.npmjs.org/@rollup%2frollup-freebsd-x64 cache-miss
331 http fetch GET 200 https://registry.npmjs.org/@rollup%2frollup-darwin-x64 466ms (cache miss)
332 silly packumentCache full:https://registry.npmjs.org/@rollup%2frollup-darwin-x64 set size:undefined disposed:false
333 silly fetch manifest @rollup/rollup-linux-x64-gnu@4.53.3
334 silly packumentCache full:https://registry.npmjs.org/@rollup%2frollup-linux-x64-gnu cache-miss
335 http fetch GET 200 https://registry.npmjs.org/@rollup%2frollup-win32-x64-msvc 226ms (cache miss)
336 silly packumentCache full:https://registry.npmjs.org/@rollup%2frollup-win32-x64-msvc set size:undefined disposed:false
337 silly fetch manifest @rollup/rollup-linux-x64-musl@4.53.3
338 silly packumentCache full:https://registry.npmjs.org/@rollup%2frollup-linux-x64-musl cache-miss
339 http fetch GET 200 https://registry.npmjs.org/@rollup%2frollup-linux-x64-musl 457ms (cache miss)
340 silly packumentCache full:https://registry.npmjs.org/@rollup%2frollup-linux-x64-musl set size:undefined disposed:false
341 silly fetch manifest @rollup/rollup-openharmony-arm64@4.53.3
342 silly packumentCache full:https://registry.npmjs.org/@rollup%2frollup-openharmony-arm64 cache-miss
343 http fetch GET 200 https://registry.npmjs.org/@rollup%2frollup-linux-x64-gnu 585ms (cache miss)
344 silly packumentCache full:https://registry.npmjs.org/@rollup%2frollup-linux-x64-gnu set size:undefined disposed:false
345 http fetch GET 200 https://registry.npmjs.org/@rollup%2frollup-freebsd-x64 735ms (cache miss)
346 silly packumentCache full:https://registry.npmjs.org/@rollup%2frollup-freebsd-x64 set size:undefined disposed:false
347 http fetch GET 200 https://registry.npmjs.org/@rollup%2frollup-openharmony-arm64 241ms (cache miss)
348 silly packumentCache full:https://registry.npmjs.org/@rollup%2frollup-openharmony-arm64 set size:undefined disposed:false
349 silly placeDep ROOT @esbuild/aix-ppc64@0.25.12 OK for: esbuild@0.25.12 want: 0.25.12
350 silly placeDep ROOT @esbuild/android-arm@0.25.12 OK for: esbuild@0.25.12 want: 0.25.12
351 silly placeDep ROOT @esbuild/android-arm64@0.25.12 OK for: esbuild@0.25.12 want: 0.25.12
352 silly placeDep ROOT @esbuild/android-x64@0.25.12 OK for: esbuild@0.25.12 want: 0.25.12
353 silly placeDep ROOT @esbuild/darwin-arm64@0.25.12 OK for: esbuild@0.25.12 want: 0.25.12
354 silly placeDep ROOT @esbuild/darwin-x64@0.25.12 OK for: esbuild@0.25.12 want: 0.25.12
355 silly placeDep ROOT @esbuild/freebsd-arm64@0.25.12 OK for: esbuild@0.25.12 want: 0.25.12
356 silly placeDep ROOT @esbuild/freebsd-x64@0.25.12 OK for: esbuild@0.25.12 want: 0.25.12
357 silly placeDep ROOT @esbuild/linux-arm@0.25.12 OK for: esbuild@0.25.12 want: 0.25.12
358 silly placeDep ROOT @esbuild/linux-arm64@0.25.12 OK for: esbuild@0.25.12 want: 0.25.12
359 silly placeDep ROOT @esbuild/linux-ia32@0.25.12 OK for: esbuild@0.25.12 want: 0.25.12
360 silly placeDep ROOT @esbuild/linux-loong64@0.25.12 OK for: esbuild@0.25.12 want: 0.25.12
361 silly placeDep ROOT @esbuild/linux-mips64el@0.25.12 OK for: esbuild@0.25.12 want: 0.25.12
362 silly placeDep ROOT @esbuild/linux-ppc64@0.25.12 OK for: esbuild@0.25.12 want: 0.25.12
363 silly placeDep ROOT @esbuild/linux-riscv64@0.25.12 OK for: esbuild@0.25.12 want: 0.25.12
364 silly placeDep ROOT @esbuild/linux-s390x@0.25.12 OK for: esbuild@0.25.12 want: 0.25.12
365 silly placeDep ROOT @esbuild/linux-x64@0.25.12 OK for: esbuild@0.25.12 want: 0.25.12
366 silly placeDep ROOT @esbuild/netbsd-arm64@0.25.12 OK for: esbuild@0.25.12 want: 0.25.12
367 silly placeDep ROOT @esbuild/netbsd-x64@0.25.12 OK for: esbuild@0.25.12 want: 0.25.12
368 silly placeDep ROOT @esbuild/openbsd-arm64@0.25.12 OK for: esbuild@0.25.12 want: 0.25.12
369 silly placeDep ROOT @esbuild/openbsd-x64@0.25.12 OK for: esbuild@0.25.12 want: 0.25.12
370 silly placeDep ROOT @esbuild/openharmony-arm64@0.25.12 OK for: esbuild@0.25.12 want: 0.25.12
371 silly placeDep ROOT @esbuild/sunos-x64@0.25.12 OK for: esbuild@0.25.12 want: 0.25.12
372 silly placeDep ROOT @esbuild/win32-arm64@0.25.12 OK for: esbuild@0.25.12 want: 0.25.12
373 silly placeDep ROOT @esbuild/win32-ia32@0.25.12 OK for: esbuild@0.25.12 want: 0.25.12
374 silly placeDep ROOT @esbuild/win32-x64@0.25.12 OK for: esbuild@0.25.12 want: 0.25.12
375 silly placeDep ROOT nanoid@3.3.11 OK for: postcss@8.5.6 want: ^3.3.11
376 silly placeDep ROOT picocolors@1.1.1 OK for: postcss@8.5.6 want: ^1.1.1
377 silly placeDep ROOT source-map-js@1.2.1 OK for: postcss@8.5.6 want: ^1.2.1
378 silly placeDep ROOT @rollup/rollup-android-arm-eabi@4.53.3 OK for: rollup@4.53.3 want: 4.53.3
379 silly placeDep ROOT @rollup/rollup-android-arm64@4.53.3 OK for: rollup@4.53.3 want: 4.53.3
380 silly placeDep ROOT @rollup/rollup-darwin-arm64@4.53.3 OK for: rollup@4.53.3 want: 4.53.3
381 silly placeDep ROOT @rollup/rollup-darwin-x64@4.53.3 OK for: rollup@4.53.3 want: 4.53.3
382 silly placeDep ROOT @rollup/rollup-freebsd-arm64@4.53.3 OK for: rollup@4.53.3 want: 4.53.3
383 silly placeDep ROOT @rollup/rollup-freebsd-x64@4.53.3 OK for: rollup@4.53.3 want: 4.53.3
384 silly placeDep ROOT @rollup/rollup-linux-arm-gnueabihf@4.53.3 OK for: rollup@4.53.3 want: 4.53.3
385 silly placeDep ROOT @rollup/rollup-linux-arm-musleabihf@4.53.3 OK for: rollup@4.53.3 want: 4.53.3
386 silly placeDep ROOT @rollup/rollup-linux-arm64-gnu@4.53.3 OK for: rollup@4.53.3 want: 4.53.3
387 silly placeDep ROOT @rollup/rollup-linux-arm64-musl@4.53.3 OK for: rollup@4.53.3 want: 4.53.3
388 silly placeDep ROOT @rollup/rollup-linux-loong64-gnu@4.53.3 OK for: rollup@4.53.3 want: 4.53.3
389 silly placeDep ROOT @rollup/rollup-linux-ppc64-gnu@4.53.3 OK for: rollup@4.53.3 want: 4.53.3
390 silly placeDep ROOT @rollup/rollup-linux-riscv64-gnu@4.53.3 OK for: rollup@4.53.3 want: 4.53.3
391 silly placeDep ROOT @rollup/rollup-linux-riscv64-musl@4.53.3 OK for: rollup@4.53.3 want: 4.53.3
392 silly placeDep ROOT @rollup/rollup-linux-s390x-gnu@4.53.3 OK for: rollup@4.53.3 want: 4.53.3
393 silly placeDep ROOT @rollup/rollup-linux-x64-gnu@4.53.3 OK for: rollup@4.53.3 want: 4.53.3
394 silly placeDep ROOT @rollup/rollup-linux-x64-musl@4.53.3 OK for: rollup@4.53.3 want: 4.53.3
395 silly placeDep ROOT @rollup/rollup-openharmony-arm64@4.53.3 OK for: rollup@4.53.3 want: 4.53.3
396 silly placeDep ROOT @rollup/rollup-win32-arm64-msvc@4.53.3 OK for: rollup@4.53.3 want: 4.53.3
397 silly placeDep ROOT @rollup/rollup-win32-ia32-msvc@4.53.3 OK for: rollup@4.53.3 want: 4.53.3
398 silly placeDep ROOT @rollup/rollup-win32-x64-gnu@4.53.3 OK for: rollup@4.53.3 want: 4.53.3
399 silly placeDep ROOT @rollup/rollup-win32-x64-msvc@4.53.3 OK for: rollup@4.53.3 want: 4.53.3
400 silly placeDep ROOT @types/estree@1.0.8 OK for: rollup@4.53.3 want: 1.0.8
401 silly fetch manifest vue@3.5.25
402 silly packumentCache full:https://registry.npmjs.org/vue cache-miss
403 http cache https://registry.npmjs.org/vue 12ms (cache hit)
404 silly packumentCache full:https://registry.npmjs.org/vue set size:1955595 disposed:false
405 silly placeDep ROOT @vue/compiler-dom@3.5.25 OK for: vue@3.5.25 want: 3.5.25
406 silly placeDep ROOT @vue/compiler-sfc@3.5.25 OK for: vue@3.5.25 want: 3.5.25
407 silly placeDep ROOT @vue/runtime-dom@3.5.25 OK for: vue@3.5.25 want: 3.5.25
408 silly placeDep ROOT @vue/server-renderer@3.5.25 OK for: vue@3.5.25 want: 3.5.25
409 silly placeDep ROOT @vue/shared@3.5.25 OK for: vue@3.5.25 want: 3.5.25
410 silly fetch manifest @vue/compiler-core@3.5.25
411 silly packumentCache full:https://registry.npmjs.org/@vue%2fcompiler-core cache-miss
412 silly fetch manifest magic-string@^0.30.21
413 silly packumentCache full:https://registry.npmjs.org/magic-string cache-miss
414 silly fetch manifest @babel/parser@^7.28.5
415 silly packumentCache full:https://registry.npmjs.org/@babel%2fparser cache-miss
416 http fetch GET 200 https://registry.npmjs.org/@babel%2fparser 714ms (cache miss)
417 silly packumentCache full:https://registry.npmjs.org/@babel%2fparser set size:undefined disposed:false
418 silly fetch manifest estree-walker@^2.0.2
419 silly packumentCache full:https://registry.npmjs.org/estree-walker cache-miss
420 http fetch GET 200 https://registry.npmjs.org/estree-walker 275ms (cache miss)
421 silly packumentCache full:https://registry.npmjs.org/estree-walker set size:undefined disposed:false
422 silly fetch manifest @vue/compiler-ssr@3.5.25
423 silly packumentCache full:https://registry.npmjs.org/@vue%2fcompiler-ssr cache-miss
424 http fetch GET 200 https://registry.npmjs.org/@vue%2fcompiler-core 1147ms (cache miss)
425 silly packumentCache full:https://registry.npmjs.org/@vue%2fcompiler-core set size:undefined disposed:false
426 silly fetch manifest csstype@^3.1.3
427 silly packumentCache full:https://registry.npmjs.org/csstype cache-miss
428 http fetch GET 200 https://registry.npmjs.org/magic-string 1181ms (cache miss)
429 silly packumentCache full:https://registry.npmjs.org/magic-string set size:undefined disposed:false
430 silly fetch manifest @vue/reactivity@3.5.25
431 silly packumentCache full:https://registry.npmjs.org/@vue%2freactivity cache-miss
432 http fetch GET 200 https://registry.npmjs.org/@vue%2fcompiler-ssr 607ms (cache miss)
433 silly packumentCache full:https://registry.npmjs.org/@vue%2fcompiler-ssr set size:undefined disposed:false
434 silly fetch manifest @vue/runtime-core@3.5.25
435 silly packumentCache full:https://registry.npmjs.org/@vue%2fruntime-core cache-miss
436 http fetch GET 200 https://registry.npmjs.org/csstype 540ms (cache miss)
437 silly packumentCache full:https://registry.npmjs.org/csstype set size:undefined disposed:false
438 http fetch GET 200 https://registry.npmjs.org/@vue%2fruntime-core 565ms (cache miss)
439 silly packumentCache full:https://registry.npmjs.org/@vue%2fruntime-core set size:undefined disposed:false
440 http fetch GET 200 https://registry.npmjs.org/@vue%2freactivity 2386ms (cache miss)
441 silly packumentCache full:https://registry.npmjs.org/@vue%2freactivity set size:undefined disposed:false
442 silly placeDep ROOT @vue/compiler-core@3.5.25 OK for: @vue/compiler-dom@3.5.25 want: 3.5.25
443 silly fetch manifest entities@^4.5.0
444 silly packumentCache full:https://registry.npmjs.org/entities cache-miss
445 http fetch GET 200 https://registry.npmjs.org/entities 308ms (cache miss)
446 silly packumentCache full:https://registry.npmjs.org/entities set size:undefined disposed:false
447 silly placeDep ROOT @babel/parser@7.28.5 OK for: @vue/compiler-core@3.5.25 want: ^7.28.5
448 silly placeDep ROOT entities@4.5.0 OK for: @vue/compiler-core@3.5.25 want: ^4.5.0
449 silly placeDep ROOT estree-walker@2.0.2 OK for: @vue/compiler-core@3.5.25 want: ^2.0.2
450 silly fetch manifest @babel/types@^7.28.5
451 silly packumentCache full:https://registry.npmjs.org/@babel%2ftypes cache-miss
452 http fetch GET 200 https://registry.npmjs.org/@babel%2ftypes 452ms (cache miss)
453 silly packumentCache full:https://registry.npmjs.org/@babel%2ftypes set size:undefined disposed:false
454 silly placeDep ROOT @babel/types@7.28.5 OK for: @babel/parser@7.28.5 want: ^7.28.5
455 silly fetch manifest @babel/helper-string-parser@^7.27.1
456 silly packumentCache full:https://registry.npmjs.org/@babel%2fhelper-string-parser cache-miss
457 silly fetch manifest @babel/helper-validator-identifier@^7.28.5
458 silly packumentCache full:https://registry.npmjs.org/@babel%2fhelper-validator-identifier cache-miss
459 http fetch GET 200 https://registry.npmjs.org/@babel%2fhelper-validator-identifier 332ms (cache miss)
460 silly packumentCache full:https://registry.npmjs.org/@babel%2fhelper-validator-identifier set size:undefined disposed:false
461 http fetch GET 200 https://registry.npmjs.org/@babel%2fhelper-string-parser 362ms (cache miss)
462 silly packumentCache full:https://registry.npmjs.org/@babel%2fhelper-string-parser set size:undefined disposed:false
463 silly placeDep ROOT @babel/helper-string-parser@7.27.1 OK for: @babel/types@7.28.5 want: ^7.27.1
464 silly placeDep ROOT @babel/helper-validator-identifier@7.28.5 OK for: @babel/types@7.28.5 want: ^7.28.5
465 silly placeDep ROOT @vue/compiler-ssr@3.5.25 OK for: @vue/compiler-sfc@3.5.25 want: 3.5.25
466 silly placeDep ROOT magic-string@0.30.21 OK for: @vue/compiler-sfc@3.5.25 want: ^0.30.21
467 silly fetch manifest @jridgewell/sourcemap-codec@^1.5.5
468 silly packumentCache full:https://registry.npmjs.org/@jridgewell%2fsourcemap-codec cache-miss
469 http fetch GET 200 https://registry.npmjs.org/@jridgewell%2fsourcemap-codec 253ms (cache miss)
470 silly packumentCache full:https://registry.npmjs.org/@jridgewell%2fsourcemap-codec set size:undefined disposed:false
471 silly placeDep ROOT @vue/reactivity@3.5.25 OK for: @vue/runtime-dom@3.5.25 want: 3.5.25
472 silly placeDep ROOT @vue/runtime-core@3.5.25 OK for: @vue/runtime-dom@3.5.25 want: 3.5.25
473 silly placeDep ROOT csstype@3.2.3 OK for: @vue/runtime-dom@3.5.25 want: ^3.1.3
474 silly placeDep ROOT @jridgewell/sourcemap-codec@1.5.5 OK for: magic-string@0.30.21 want: ^1.5.5
475 silly reify moves {}
476 silly audit bulk request {
476 silly audit   '@vitejs/plugin-vue': [ '6.0.2' ],
476 silly audit   vite: [ '7.2.6' ],
476 silly audit   vue: [ '3.5.25' ],
476 silly audit   '@rolldown/pluginutils': [ '1.0.0-beta.50' ],
476 silly audit   esbuild: [ '0.25.12' ],
476 silly audit   fdir: [ '6.5.0' ],
476 silly audit   fsevents: [ '2.3.3' ],
476 silly audit   picomatch: [ '4.0.3' ],
476 silly audit   postcss: [ '8.5.6' ],
476 silly audit   rollup: [ '4.53.3' ],
476 silly audit   tinyglobby: [ '0.2.15' ],
476 silly audit   '@esbuild/aix-ppc64': [ '0.25.12' ],
476 silly audit   '@esbuild/android-arm': [ '0.25.12' ],
476 silly audit   '@esbuild/android-arm64': [ '0.25.12' ],
476 silly audit   '@esbuild/android-x64': [ '0.25.12' ],
476 silly audit   '@esbuild/darwin-arm64': [ '0.25.12' ],
476 silly audit   '@esbuild/darwin-x64': [ '0.25.12' ],
476 silly audit   '@esbuild/freebsd-arm64': [ '0.25.12' ],
476 silly audit   '@esbuild/freebsd-x64': [ '0.25.12' ],
476 silly audit   '@esbuild/linux-arm': [ '0.25.12' ],
476 silly audit   '@esbuild/linux-arm64': [ '0.25.12' ],
476 silly audit   '@esbuild/linux-ia32': [ '0.25.12' ],
476 silly audit   '@esbuild/linux-loong64': [ '0.25.12' ],
476 silly audit   '@esbuild/linux-mips64el': [ '0.25.12' ],
476 silly audit   '@esbuild/linux-ppc64': [ '0.25.12' ],
476 silly audit   '@esbuild/linux-riscv64': [ '0.25.12' ],
476 silly audit   '@esbuild/linux-s390x': [ '0.25.12' ],
476 silly audit   '@esbuild/linux-x64': [ '0.25.12' ],
476 silly audit   '@esbuild/netbsd-arm64': [ '0.25.12' ],
476 silly audit   '@esbuild/netbsd-x64': [ '0.25.12' ],
476 silly audit   '@esbuild/openbsd-arm64': [ '0.25.12' ],
476 silly audit   '@esbuild/openbsd-x64': [ '0.25.12' ],
476 silly audit   '@esbuild/openharmony-arm64': [ '0.25.12' ],
476 silly audit   '@esbuild/sunos-x64': [ '0.25.12' ],
476 silly audit   '@esbuild/win32-arm64': [ '0.25.12' ],
476 silly audit   '@esbuild/win32-ia32': [ '0.25.12' ],
476 silly audit   '@esbuild/win32-x64': [ '0.25.12' ],
476 silly audit   nanoid: [ '3.3.11' ],
476 silly audit   picocolors: [ '1.1.1' ],
476 silly audit   'source-map-js': [ '1.2.1' ],
476 silly audit   '@rollup/rollup-android-arm-eabi': [ '4.53.3' ],
476 silly audit   '@rollup/rollup-android-arm64': [ '4.53.3' ],
476 silly audit   '@rollup/rollup-darwin-arm64': [ '4.53.3' ],
476 silly audit   '@rollup/rollup-darwin-x64': [ '4.53.3' ],
476 silly audit   '@rollup/rollup-freebsd-arm64': [ '4.53.3' ],
476 silly audit   '@rollup/rollup-freebsd-x64': [ '4.53.3' ],
476 silly audit   '@rollup/rollup-linux-arm-gnueabihf': [ '4.53.3' ],
476 silly audit   '@rollup/rollup-linux-arm-musleabihf': [ '4.53.3' ],
476 silly audit   '@rollup/rollup-linux-arm64-gnu': [ '4.53.3' ],
476 silly audit   '@rollup/rollup-linux-arm64-musl': [ '4.53.3' ],
476 silly audit   '@rollup/rollup-linux-loong64-gnu': [ '4.53.3' ],
476 silly audit   '@rollup/rollup-linux-ppc64-gnu': [ '4.53.3' ],
476 silly audit   '@rollup/rollup-linux-riscv64-gnu': [ '4.53.3' ],
476 silly audit   '@rollup/rollup-linux-riscv64-musl': [ '4.53.3' ],
476 silly audit   '@rollup/rollup-linux-s390x-gnu': [ '4.53.3' ],
476 silly audit   '@rollup/rollup-linux-x64-gnu': [ '4.53.3' ],
476 silly audit   '@rollup/rollup-linux-x64-musl': [ '4.53.3' ],
476 silly audit   '@rollup/rollup-openharmony-arm64': [ '4.53.3' ],
476 silly audit   '@rollup/rollup-win32-arm64-msvc': [ '4.53.3' ],
476 silly audit   '@rollup/rollup-win32-ia32-msvc': [ '4.53.3' ],
476 silly audit   '@rollup/rollup-win32-x64-gnu': [ '4.53.3' ],
476 silly audit   '@rollup/rollup-win32-x64-msvc': [ '4.53.3' ],
476 silly audit   '@types/estree': [ '1.0.8' ],
476 silly audit   '@vue/compiler-dom': [ '3.5.25' ],
476 silly audit   '@vue/compiler-sfc': [ '3.5.25' ],
476 silly audit   '@vue/runtime-dom': [ '3.5.25' ],
476 silly audit   '@vue/server-renderer': [ '3.5.25' ],
476 silly audit   '@vue/shared': [ '3.5.25' ],
476 silly audit   '@vue/compiler-core': [ '3.5.25' ],
476 silly audit   '@babel/parser': [ '7.28.5' ],
476 silly audit   entities: [ '4.5.0' ],
476 silly audit   'estree-walker': [ '2.0.2' ],
476 silly audit   '@babel/types': [ '7.28.5' ],
476 silly audit   '@babel/helper-string-parser': [ '7.27.1' ],
476 silly audit   '@babel/helper-validator-identifier': [ '7.28.5' ],
476 silly audit   '@vue/compiler-ssr': [ '3.5.25' ],
476 silly audit   'magic-string': [ '0.30.21' ],
476 silly audit   '@vue/reactivity': [ '3.5.25' ],
476 silly audit   '@vue/runtime-core': [ '3.5.25' ],
476 silly audit   csstype: [ '3.2.3' ],
476 silly audit   '@jridgewell/sourcemap-codec': [ '1.5.5' ]
476 silly audit }
477 verbose reify failed optional dependency /Users/skye/work/edu/frontend/node_modules/@rollup/rollup-win32-x64-msvc
478 silly reify mark deleted [
478 silly reify   '/Users/skye/work/edu/frontend/node_modules/@rollup/rollup-win32-x64-msvc'
478 silly reify ]
479 verbose reify failed optional dependency /Users/skye/work/edu/frontend/node_modules/@rollup/rollup-win32-x64-gnu
480 silly reify mark deleted [
480 silly reify   '/Users/skye/work/edu/frontend/node_modules/@rollup/rollup-win32-x64-gnu'
480 silly reify ]
481 verbose reify failed optional dependency /Users/skye/work/edu/frontend/node_modules/@rollup/rollup-win32-ia32-msvc
482 silly reify mark deleted [
482 silly reify   '/Users/skye/work/edu/frontend/node_modules/@rollup/rollup-win32-ia32-msvc'
482 silly reify ]
483 verbose reify failed optional dependency /Users/skye/work/edu/frontend/node_modules/@rollup/rollup-win32-arm64-msvc
484 silly reify mark deleted [
484 silly reify   '/Users/skye/work/edu/frontend/node_modules/@rollup/rollup-win32-arm64-msvc'
484 silly reify ]
485 verbose reify failed optional dependency /Users/skye/work/edu/frontend/node_modules/@rollup/rollup-openharmony-arm64
486 silly reify mark deleted [
486 silly reify   '/Users/skye/work/edu/frontend/node_modules/@rollup/rollup-openharmony-arm64'
486 silly reify ]
487 verbose reify failed optional dependency /Users/skye/work/edu/frontend/node_modules/@rollup/rollup-linux-x64-musl
488 silly reify mark deleted [
488 silly reify   '/Users/skye/work/edu/frontend/node_modules/@rollup/rollup-linux-x64-musl'
488 silly reify ]
489 verbose reify failed optional dependency /Users/skye/work/edu/frontend/node_modules/@rollup/rollup-linux-x64-gnu
490 silly reify mark deleted [
490 silly reify   '/Users/skye/work/edu/frontend/node_modules/@rollup/rollup-linux-x64-gnu'
490 silly reify ]
491 verbose reify failed optional dependency /Users/skye/work/edu/frontend/node_modules/@rollup/rollup-linux-s390x-gnu
492 silly reify mark deleted [
492 silly reify   '/Users/skye/work/edu/frontend/node_modules/@rollup/rollup-linux-s390x-gnu'
492 silly reify ]
493 verbose reify failed optional dependency /Users/skye/work/edu/frontend/node_modules/@rollup/rollup-linux-riscv64-musl
494 silly reify mark deleted [
494 silly reify   '/Users/skye/work/edu/frontend/node_modules/@rollup/rollup-linux-riscv64-musl'
494 silly reify ]
495 verbose reify failed optional dependency /Users/skye/work/edu/frontend/node_modules/@rollup/rollup-linux-riscv64-gnu
496 silly reify mark deleted [
496 silly reify   '/Users/skye/work/edu/frontend/node_modules/@rollup/rollup-linux-riscv64-gnu'
496 silly reify ]
497 verbose reify failed optional dependency /Users/skye/work/edu/frontend/node_modules/@rollup/rollup-linux-ppc64-gnu
498 silly reify mark deleted [
498 silly reify   '/Users/skye/work/edu/frontend/node_modules/@rollup/rollup-linux-ppc64-gnu'
498 silly reify ]
499 verbose reify failed optional dependency /Users/skye/work/edu/frontend/node_modules/@rollup/rollup-linux-loong64-gnu
500 silly reify mark deleted [
500 silly reify   '/Users/skye/work/edu/frontend/node_modules/@rollup/rollup-linux-loong64-gnu'
500 silly reify ]
501 verbose reify failed optional dependency /Users/skye/work/edu/frontend/node_modules/@rollup/rollup-linux-arm64-musl
502 silly reify mark deleted [
502 silly reify   '/Users/skye/work/edu/frontend/node_modules/@rollup/rollup-linux-arm64-musl'
502 silly reify ]
503 verbose reify failed optional dependency /Users/skye/work/edu/frontend/node_modules/@rollup/rollup-linux-arm64-gnu
504 silly reify mark deleted [
504 silly reify   '/Users/skye/work/edu/frontend/node_modules/@rollup/rollup-linux-arm64-gnu'
504 silly reify ]
505 verbose reify failed optional dependency /Users/skye/work/edu/frontend/node_modules/@rollup/rollup-linux-arm-musleabihf
506 silly reify mark deleted [
506 silly reify   '/Users/skye/work/edu/frontend/node_modules/@rollup/rollup-linux-arm-musleabihf'
506 silly reify ]
507 verbose reify failed optional dependency /Users/skye/work/edu/frontend/node_modules/@rollup/rollup-linux-arm-gnueabihf
508 silly reify mark deleted [
508 silly reify   '/Users/skye/work/edu/frontend/node_modules/@rollup/rollup-linux-arm-gnueabihf'
508 silly reify ]
509 verbose reify failed optional dependency /Users/skye/work/edu/frontend/node_modules/@rollup/rollup-freebsd-x64
510 silly reify mark deleted [
510 silly reify   '/Users/skye/work/edu/frontend/node_modules/@rollup/rollup-freebsd-x64'
510 silly reify ]
511 verbose reify failed optional dependency /Users/skye/work/edu/frontend/node_modules/@rollup/rollup-freebsd-arm64
512 silly reify mark deleted [
512 silly reify   '/Users/skye/work/edu/frontend/node_modules/@rollup/rollup-freebsd-arm64'
512 silly reify ]
513 verbose reify failed optional dependency /Users/skye/work/edu/frontend/node_modules/@rollup/rollup-darwin-arm64
514 silly reify mark deleted [
514 silly reify   '/Users/skye/work/edu/frontend/node_modules/@rollup/rollup-darwin-arm64'
514 silly reify ]
515 verbose reify failed optional dependency /Users/skye/work/edu/frontend/node_modules/@rollup/rollup-android-arm64
516 silly reify mark deleted [
516 silly reify   '/Users/skye/work/edu/frontend/node_modules/@rollup/rollup-android-arm64'
516 silly reify ]
517 verbose reify failed optional dependency /Users/skye/work/edu/frontend/node_modules/@rollup/rollup-android-arm-eabi
518 silly reify mark deleted [
518 silly reify   '/Users/skye/work/edu/frontend/node_modules/@rollup/rollup-android-arm-eabi'
518 silly reify ]
519 verbose reify failed optional dependency /Users/skye/work/edu/frontend/node_modules/@esbuild/win32-x64
520 silly reify mark deleted [ '/Users/skye/work/edu/frontend/node_modules/@esbuild/win32-x64' ]
521 verbose reify failed optional dependency /Users/skye/work/edu/frontend/node_modules/@esbuild/win32-ia32
522 silly reify mark deleted [ '/Users/skye/work/edu/frontend/node_modules/@esbuild/win32-ia32' ]
523 verbose reify failed optional dependency /Users/skye/work/edu/frontend/node_modules/@esbuild/win32-arm64
524 silly reify mark deleted [ '/Users/skye/work/edu/frontend/node_modules/@esbuild/win32-arm64' ]
525 verbose reify failed optional dependency /Users/skye/work/edu/frontend/node_modules/@esbuild/sunos-x64
526 silly reify mark deleted [ '/Users/skye/work/edu/frontend/node_modules/@esbuild/sunos-x64' ]
527 verbose reify failed optional dependency /Users/skye/work/edu/frontend/node_modules/@esbuild/openharmony-arm64
528 silly reify mark deleted [
528 silly reify   '/Users/skye/work/edu/frontend/node_modules/@esbuild/openharmony-arm64'
528 silly reify ]
529 verbose reify failed optional dependency /Users/skye/work/edu/frontend/node_modules/@esbuild/openbsd-x64
530 silly reify mark deleted [ '/Users/skye/work/edu/frontend/node_modules/@esbuild/openbsd-x64' ]
531 verbose reify failed optional dependency /Users/skye/work/edu/frontend/node_modules/@esbuild/openbsd-arm64
532 silly reify mark deleted [ '/Users/skye/work/edu/frontend/node_modules/@esbuild/openbsd-arm64' ]
533 verbose reify failed optional dependency /Users/skye/work/edu/frontend/node_modules/@esbuild/netbsd-x64
534 silly reify mark deleted [ '/Users/skye/work/edu/frontend/node_modules/@esbuild/netbsd-x64' ]
535 verbose reify failed optional dependency /Users/skye/work/edu/frontend/node_modules/@esbuild/netbsd-arm64
536 silly reify mark deleted [ '/Users/skye/work/edu/frontend/node_modules/@esbuild/netbsd-arm64' ]
537 verbose reify failed optional dependency /Users/skye/work/edu/frontend/node_modules/@esbuild/linux-x64
538 silly reify mark deleted [ '/Users/skye/work/edu/frontend/node_modules/@esbuild/linux-x64' ]
539 verbose reify failed optional dependency /Users/skye/work/edu/frontend/node_modules/@esbuild/linux-s390x
540 silly reify mark deleted [ '/Users/skye/work/edu/frontend/node_modules/@esbuild/linux-s390x' ]
541 verbose reify failed optional dependency /Users/skye/work/edu/frontend/node_modules/@esbuild/linux-riscv64
542 silly reify mark deleted [ '/Users/skye/work/edu/frontend/node_modules/@esbuild/linux-riscv64' ]
543 verbose reify failed optional dependency /Users/skye/work/edu/frontend/node_modules/@esbuild/linux-ppc64
544 silly reify mark deleted [ '/Users/skye/work/edu/frontend/node_modules/@esbuild/linux-ppc64' ]
545 verbose reify failed optional dependency /Users/skye/work/edu/frontend/node_modules/@esbuild/linux-mips64el
546 silly reify mark deleted [
546 silly reify   '/Users/skye/work/edu/frontend/node_modules/@esbuild/linux-mips64el'
546 silly reify ]
547 verbose reify failed optional dependency /Users/skye/work/edu/frontend/node_modules/@esbuild/linux-loong64
548 silly reify mark deleted [ '/Users/skye/work/edu/frontend/node_modules/@esbuild/linux-loong64' ]
549 verbose reify failed optional dependency /Users/skye/work/edu/frontend/node_modules/@esbuild/linux-ia32
550 silly reify mark deleted [ '/Users/skye/work/edu/frontend/node_modules/@esbuild/linux-ia32' ]
551 verbose reify failed optional dependency /Users/skye/work/edu/frontend/node_modules/@esbuild/linux-arm64
552 silly reify mark deleted [ '/Users/skye/work/edu/frontend/node_modules/@esbuild/linux-arm64' ]
553 verbose reify failed optional dependency /Users/skye/work/edu/frontend/node_modules/@esbuild/linux-arm
554 silly reify mark deleted [ '/Users/skye/work/edu/frontend/node_modules/@esbuild/linux-arm' ]
555 verbose reify failed optional dependency /Users/skye/work/edu/frontend/node_modules/@esbuild/freebsd-x64
556 silly reify mark deleted [ '/Users/skye/work/edu/frontend/node_modules/@esbuild/freebsd-x64' ]
557 verbose reify failed optional dependency /Users/skye/work/edu/frontend/node_modules/@esbuild/freebsd-arm64
558 silly reify mark deleted [ '/Users/skye/work/edu/frontend/node_modules/@esbuild/freebsd-arm64' ]
559 verbose reify failed optional dependency /Users/skye/work/edu/frontend/node_modules/@esbuild/darwin-arm64
560 silly reify mark deleted [ '/Users/skye/work/edu/frontend/node_modules/@esbuild/darwin-arm64' ]
561 verbose reify failed optional dependency /Users/skye/work/edu/frontend/node_modules/@esbuild/android-x64
562 silly reify mark deleted [ '/Users/skye/work/edu/frontend/node_modules/@esbuild/android-x64' ]
563 verbose reify failed optional dependency /Users/skye/work/edu/frontend/node_modules/@esbuild/android-arm64
564 silly reify mark deleted [ '/Users/skye/work/edu/frontend/node_modules/@esbuild/android-arm64' ]
565 verbose reify failed optional dependency /Users/skye/work/edu/frontend/node_modules/@esbuild/android-arm
566 silly reify mark deleted [ '/Users/skye/work/edu/frontend/node_modules/@esbuild/android-arm' ]
567 verbose reify failed optional dependency /Users/skye/work/edu/frontend/node_modules/@esbuild/aix-ppc64
568 silly reify mark deleted [ '/Users/skye/work/edu/frontend/node_modules/@esbuild/aix-ppc64' ]
569 http cache csstype@https://registry.npmjs.org/csstype/-/csstype-3.2.3.tgz 0ms (cache hit)
570 http cache @vue/runtime-core@https://registry.npmjs.org/@vue/runtime-core/-/runtime-core-3.5.25.tgz 0ms (cache hit)
571 http cache magic-string@https://registry.npmjs.org/magic-string/-/magic-string-0.30.21.tgz 0ms (cache hit)
572 http cache @vue/compiler-ssr@https://registry.npmjs.org/@vue/compiler-ssr/-/compiler-ssr-3.5.25.tgz 0ms (cache hit)
573 http cache @babel/helper-validator-identifier@https://registry.npmjs.org/@babel/helper-validator-identifier/-/helper-validator-identifier-7.28.5.tgz 0ms (cache hit)
574 http cache @babel/helper-string-parser@https://registry.npmjs.org/@babel/helper-string-parser/-/helper-string-parser-7.27.1.tgz 0ms (cache hit)
575 http cache @babel/types@https://registry.npmjs.org/@babel/types/-/types-7.28.5.tgz 0ms (cache hit)
576 http cache estree-walker@https://registry.npmjs.org/estree-walker/-/estree-walker-2.0.2.tgz 0ms (cache hit)
577 http cache entities@https://registry.npmjs.org/entities/-/entities-4.5.0.tgz 0ms (cache hit)
578 http cache @babel/parser@https://registry.npmjs.org/@babel/parser/-/parser-7.28.5.tgz 0ms (cache hit)
579 http cache @vue/compiler-core@https://registry.npmjs.org/@vue/compiler-core/-/compiler-core-3.5.25.tgz 0ms (cache hit)
580 http cache @vue/shared@https://registry.npmjs.org/@vue/shared/-/shared-3.5.25.tgz 0ms (cache hit)
581 http cache @vue/server-renderer@https://registry.npmjs.org/@vue/server-renderer/-/server-renderer-3.5.25.tgz 0ms (cache hit)
582 http cache @jridgewell/sourcemap-codec@https://registry.npmjs.org/@jridgewell/sourcemap-codec/-/sourcemap-codec-1.5.5.tgz 0ms (cache hit)
583 http cache @vue/compiler-sfc@https://registry.npmjs.org/@vue/compiler-sfc/-/compiler-sfc-3.5.25.tgz 0ms (cache hit)
584 http cache @vue/compiler-dom@https://registry.npmjs.org/@vue/compiler-dom/-/compiler-dom-3.5.25.tgz 0ms (cache hit)
585 http cache @types/estree@https://registry.npmjs.org/@types/estree/-/estree-1.0.8.tgz 0ms (cache hit)
586 http cache @rollup/rollup-darwin-x64@https://registry.npmjs.org/@rollup/rollup-darwin-x64/-/rollup-darwin-x64-4.53.3.tgz 0ms (cache hit)
587 http cache source-map-js@https://registry.npmjs.org/source-map-js/-/source-map-js-1.2.1.tgz 0ms (cache hit)
588 http cache @esbuild/darwin-x64@https://registry.npmjs.org/@esbuild/darwin-x64/-/darwin-x64-0.25.12.tgz 0ms (cache hit)
589 http cache picocolors@https://registry.npmjs.org/picocolors/-/picocolors-1.1.1.tgz 0ms (cache hit)
590 http cache tinyglobby@https://registry.npmjs.org/tinyglobby/-/tinyglobby-0.2.15.tgz 0ms (cache hit)
591 http cache nanoid@https://registry.npmjs.org/nanoid/-/nanoid-3.3.11.tgz 0ms (cache hit)
592 http cache postcss@https://registry.npmjs.org/postcss/-/postcss-8.5.6.tgz 0ms (cache hit)
593 http cache rollup@https://registry.npmjs.org/rollup/-/rollup-4.53.3.tgz 0ms (cache hit)
594 http cache picomatch@https://registry.npmjs.org/picomatch/-/picomatch-4.0.3.tgz 0ms (cache hit)
595 http cache fsevents@https://registry.npmjs.org/fsevents/-/fsevents-2.3.3.tgz 0ms (cache hit)
596 http cache fdir@https://registry.npmjs.org/fdir/-/fdir-6.5.0.tgz 0ms (cache hit)
597 http cache esbuild@https://registry.npmjs.org/esbuild/-/esbuild-0.25.12.tgz 0ms (cache hit)
598 http cache @rolldown/pluginutils@https://registry.npmjs.org/@rolldown/pluginutils/-/pluginutils-1.0.0-beta.50.tgz 0ms (cache hit)
599 http cache vue@https://registry.npmjs.org/vue/-/vue-3.5.25.tgz 0ms (cache hit)
600 http cache vite@https://registry.npmjs.org/vite/-/vite-7.2.6.tgz 0ms (cache hit)
601 http cache @vitejs/plugin-vue@https://registry.npmjs.org/@vitejs/plugin-vue/-/plugin-vue-6.0.2.tgz 0ms (cache hit)
602 http cache @vue/runtime-dom@https://registry.npmjs.org/@vue/runtime-dom/-/runtime-dom-3.5.25.tgz 0ms (cache hit)
603 http cache @vue/reactivity@https://registry.npmjs.org/@vue/reactivity/-/reactivity-3.5.25.tgz 0ms (cache hit)
604 silly tarball no local data for csstype@https://registry.npmjs.org/csstype/-/csstype-3.2.3.tgz. Extracting by manifest.
605 silly tarball no local data for @vue/runtime-core@https://registry.npmjs.org/@vue/runtime-core/-/runtime-core-3.5.25.tgz. Extracting by manifest.
606 silly tarball no local data for magic-string@https://registry.npmjs.org/magic-string/-/magic-string-0.30.21.tgz. Extracting by manifest.
607 silly tarball no local data for @vue/compiler-ssr@https://registry.npmjs.org/@vue/compiler-ssr/-/compiler-ssr-3.5.25.tgz. Extracting by manifest.
608 silly tarball no local data for @babel/helper-validator-identifier@https://registry.npmjs.org/@babel/helper-validator-identifier/-/helper-validator-identifier-7.28.5.tgz. Extracting by manifest.
609 silly tarball no local data for @babel/helper-string-parser@https://registry.npmjs.org/@babel/helper-string-parser/-/helper-string-parser-7.27.1.tgz. Extracting by manifest.
610 silly tarball no local data for @babel/types@https://registry.npmjs.org/@babel/types/-/types-7.28.5.tgz. Extracting by manifest.
611 silly tarball no local data for estree-walker@https://registry.npmjs.org/estree-walker/-/estree-walker-2.0.2.tgz. Extracting by manifest.
612 silly tarball no local data for entities@https://registry.npmjs.org/entities/-/entities-4.5.0.tgz. Extracting by manifest.
613 silly tarball no local data for @babel/parser@https://registry.npmjs.org/@babel/parser/-/parser-7.28.5.tgz. Extracting by manifest.
614 silly tarball no local data for @vue/compiler-core@https://registry.npmjs.org/@vue/compiler-core/-/compiler-core-3.5.25.tgz. Extracting by manifest.
615 silly tarball no local data for @vue/shared@https://registry.npmjs.org/@vue/shared/-/shared-3.5.25.tgz. Extracting by manifest.
616 silly tarball no local data for @vue/server-renderer@https://registry.npmjs.org/@vue/server-renderer/-/server-renderer-3.5.25.tgz. Extracting by manifest.
617 silly tarball no local data for @jridgewell/sourcemap-codec@https://registry.npmjs.org/@jridgewell/sourcemap-codec/-/sourcemap-codec-1.5.5.tgz. Extracting by manifest.
618 silly tarball no local data for @vue/compiler-sfc@https://registry.npmjs.org/@vue/compiler-sfc/-/compiler-sfc-3.5.25.tgz. Extracting by manifest.
619 silly tarball no local data for @vue/compiler-dom@https://registry.npmjs.org/@vue/compiler-dom/-/compiler-dom-3.5.25.tgz. Extracting by manifest.
620 silly tarball no local data for @types/estree@https://registry.npmjs.org/@types/estree/-/estree-1.0.8.tgz. Extracting by manifest.
621 silly tarball no local data for @rollup/rollup-darwin-x64@https://registry.npmjs.org/@rollup/rollup-darwin-x64/-/rollup-darwin-x64-4.53.3.tgz. Extracting by manifest.
622 silly tarball no local data for source-map-js@https://registry.npmjs.org/source-map-js/-/source-map-js-1.2.1.tgz. Extracting by manifest.
623 silly tarball no local data for @esbuild/darwin-x64@https://registry.npmjs.org/@esbuild/darwin-x64/-/darwin-x64-0.25.12.tgz. Extracting by manifest.
624 silly tarball no local data for picocolors@https://registry.npmjs.org/picocolors/-/picocolors-1.1.1.tgz. Extracting by manifest.
625 silly tarball no local data for tinyglobby@https://registry.npmjs.org/tinyglobby/-/tinyglobby-0.2.15.tgz. Extracting by manifest.
626 silly tarball no local data for nanoid@https://registry.npmjs.org/nanoid/-/nanoid-3.3.11.tgz. Extracting by manifest.
627 silly tarball no local data for postcss@https://registry.npmjs.org/postcss/-/postcss-8.5.6.tgz. Extracting by manifest.
628 silly tarball no local data for rollup@https://registry.npmjs.org/rollup/-/rollup-4.53.3.tgz. Extracting by manifest.
629 silly tarball no local data for picomatch@https://registry.npmjs.org/picomatch/-/picomatch-4.0.3.tgz. Extracting by manifest.
630 silly tarball no local data for fsevents@https://registry.npmjs.org/fsevents/-/fsevents-2.3.3.tgz. Extracting by manifest.
631 silly tarball no local data for fdir@https://registry.npmjs.org/fdir/-/fdir-6.5.0.tgz. Extracting by manifest.
632 silly tarball no local data for esbuild@https://registry.npmjs.org/esbuild/-/esbuild-0.25.12.tgz. Extracting by manifest.
633 silly tarball no local data for @rolldown/pluginutils@https://registry.npmjs.org/@rolldown/pluginutils/-/pluginutils-1.0.0-beta.50.tgz. Extracting by manifest.
634 silly tarball no local data for vue@https://registry.npmjs.org/vue/-/vue-3.5.25.tgz. Extracting by manifest.
635 silly tarball no local data for vite@https://registry.npmjs.org/vite/-/vite-7.2.6.tgz. Extracting by manifest.
636 silly tarball no local data for @vitejs/plugin-vue@https://registry.npmjs.org/@vitejs/plugin-vue/-/plugin-vue-6.0.2.tgz. Extracting by manifest.
637 silly tarball no local data for @vue/runtime-dom@https://registry.npmjs.org/@vue/runtime-dom/-/runtime-dom-3.5.25.tgz. Extracting by manifest.
638 silly tarball no local data for @vue/reactivity@https://registry.npmjs.org/@vue/reactivity/-/reactivity-3.5.25.tgz. Extracting by manifest.
639 http fetch POST 200 https://registry.npmjs.org/-/npm/v1/security/advisories/bulk 368ms
640 silly audit report {}
641 http fetch GET 200 https://registry.npmjs.org/@vue/runtime-core/-/runtime-core-3.5.25.tgz 799ms (cache miss)
642 http fetch GET 200 https://registry.npmjs.org/estree-walker/-/estree-walker-2.0.2.tgz 984ms (cache miss)
643 http fetch GET 200 https://registry.npmjs.org/@jridgewell/sourcemap-codec/-/sourcemap-codec-1.5.5.tgz 1026ms (cache miss)
644 http fetch GET 200 https://registry.npmjs.org/@vue/compiler-core/-/compiler-core-3.5.25.tgz 1107ms (cache miss)
645 http fetch GET 200 https://registry.npmjs.org/@vue/compiler-ssr/-/compiler-ssr-3.5.25.tgz 1118ms (cache miss)
646 http fetch GET 200 https://registry.npmjs.org/@babel/helper-validator-identifier/-/helper-validator-identifier-7.28.5.tgz 1143ms (cache miss)
647 http fetch GET 200 https://registry.npmjs.org/@types/estree/-/estree-1.0.8.tgz 1152ms (cache miss)
648 http fetch GET 200 https://registry.npmjs.org/tinyglobby/-/tinyglobby-0.2.15.tgz 1759ms (cache miss)
649 http fetch GET 200 https://registry.npmjs.org/picocolors/-/picocolors-1.1.1.tgz 1774ms (cache miss)
650 http fetch GET 200 https://registry.npmjs.org/fdir/-/fdir-6.5.0.tgz 2122ms (cache miss)
651 http fetch GET 200 https://registry.npmjs.org/@rolldown/pluginutils/-/pluginutils-1.0.0-beta.50.tgz 2124ms (cache miss)
652 http fetch GET 200 https://registry.npmjs.org/magic-string/-/magic-string-0.30.21.tgz 2141ms (cache miss)
653 http fetch GET 200 https://registry.npmjs.org/@vue/server-renderer/-/server-renderer-3.5.25.tgz 2193ms (cache miss)
654 http fetch GET 200 https://registry.npmjs.org/fsevents/-/fsevents-2.3.3.tgz 2211ms (cache miss)
655 http fetch GET 200 https://registry.npmjs.org/@vue/shared/-/shared-3.5.25.tgz 2219ms (cache miss)
656 http fetch GET 200 https://registry.npmjs.org/picomatch/-/picomatch-4.0.3.tgz 2218ms (cache miss)
657 http fetch GET 200 https://registry.npmjs.org/@vue/compiler-dom/-/compiler-dom-3.5.25.tgz 2227ms (cache miss)
658 http fetch GET 200 https://registry.npmjs.org/nanoid/-/nanoid-3.3.11.tgz 2231ms (cache miss)
659 http fetch GET 200 https://registry.npmjs.org/csstype/-/csstype-3.2.3.tgz 2250ms (cache miss)
660 http fetch GET 200 https://registry.npmjs.org/esbuild/-/esbuild-0.25.12.tgz 2253ms (cache miss)
661 http fetch GET 200 https://registry.npmjs.org/@babel/helper-string-parser/-/helper-string-parser-7.27.1.tgz 2331ms (cache miss)
662 http fetch GET 200 https://registry.npmjs.org/@vitejs/plugin-vue/-/plugin-vue-6.0.2.tgz 2345ms (cache miss)
663 http fetch GET 200 https://registry.npmjs.org/source-map-js/-/source-map-js-1.2.1.tgz 2463ms (cache miss)
664 http fetch GET 200 https://registry.npmjs.org/@vue/reactivity/-/reactivity-3.5.25.tgz 2525ms (cache miss)
665 http fetch GET 200 https://registry.npmjs.org/postcss/-/postcss-8.5.6.tgz 2604ms (cache miss)
666 http fetch GET 200 https://registry.npmjs.org/@babel/parser/-/parser-7.28.5.tgz 2635ms (cache miss)
667 http fetch GET 200 https://registry.npmjs.org/entities/-/entities-4.5.0.tgz 2685ms (cache miss)
668 http fetch GET 200 https://registry.npmjs.org/@vue/runtime-dom/-/runtime-dom-3.5.25.tgz 2754ms (cache miss)
669 http fetch GET 200 https://registry.npmjs.org/@rollup/rollup-darwin-x64/-/rollup-darwin-x64-4.53.3.tgz 2843ms (cache miss)
670 http fetch GET 200 https://registry.npmjs.org/@vue/compiler-sfc/-/compiler-sfc-3.5.25.tgz 2845ms (cache miss)
671 http fetch GET 200 https://registry.npmjs.org/vite/-/vite-7.2.6.tgz 2893ms (cache miss)
672 http fetch GET 200 https://registry.npmjs.org/vue/-/vue-3.5.25.tgz 2903ms (cache miss)
673 http fetch GET 200 https://registry.npmjs.org/rollup/-/rollup-4.53.3.tgz 3101ms (cache miss)
674 http fetch GET 200 https://registry.npmjs.org/@babel/types/-/types-7.28.5.tgz 3140ms (cache miss)
675 http fetch GET 200 https://registry.npmjs.org/@esbuild/darwin-x64/-/darwin-x64-0.25.12.tgz 3513ms (cache miss)
676 info run fsevents@2.3.3 install node_modules/fsevents node-gyp rebuild
677 info run fsevents@2.3.3 install { code: 1, signal: null }
678 verbose reify failed optional dependency /Users/skye/work/edu/frontend/node_modules/fsevents
679 silly reify mark deleted [ '/Users/skye/work/edu/frontend/node_modules/fsevents' ]
680 info run esbuild@0.25.12 postinstall node_modules/esbuild node install.js
681 info run esbuild@0.25.12 postinstall { code: 0, signal: null }
682 silly ADD node_modules/@jridgewell/sourcemap-codec
683 silly ADD node_modules/csstype
684 silly ADD node_modules/@vue/runtime-core
685 silly ADD node_modules/@vue/reactivity
686 silly ADD node_modules/magic-string
687 silly ADD node_modules/@vue/compiler-ssr
688 silly ADD node_modules/@babel/helper-validator-identifier
689 silly ADD node_modules/@babel/helper-string-parser
690 silly ADD node_modules/@babel/types
691 silly ADD node_modules/estree-walker
692 silly ADD node_modules/entities
693 silly ADD node_modules/@babel/parser
694 silly ADD node_modules/@vue/compiler-core
695 silly ADD node_modules/@vue/shared
696 silly ADD node_modules/@vue/server-renderer
697 silly ADD node_modules/@vue/runtime-dom
698 silly ADD node_modules/@vue/compiler-sfc
699 silly ADD node_modules/@vue/compiler-dom
700 silly ADD node_modules/@types/estree
701 silly ADD
702 silly ADD
703 silly ADD
704 silly ADD
705 silly ADD
706 silly ADD
707 silly ADD
708 silly ADD
709 silly ADD
710 silly ADD
711 silly ADD
712 silly ADD
713 silly ADD
714 silly ADD
715 silly ADD
716 silly ADD
717 silly ADD
718 silly ADD
719 silly ADD node_modules/@rollup/rollup-darwin-x64
720 silly ADD
721 silly ADD
722 silly ADD
723 silly ADD node_modules/source-map-js
724 silly ADD node_modules/picocolors
725 silly ADD node_modules/nanoid
726 silly ADD
727 silly ADD
728 silly ADD
729 silly ADD
730 silly ADD
731 silly ADD
732 silly ADD
733 silly ADD
734 silly ADD
735 silly ADD
736 silly ADD
737 silly ADD
738 silly ADD
739 silly ADD
740 silly ADD
741 silly ADD
742 silly ADD
743 silly ADD
744 silly ADD
745 silly ADD
746 silly ADD node_modules/@esbuild/darwin-x64
747 silly ADD
748 silly ADD
749 silly ADD
750 silly ADD
751 silly ADD
752 silly ADD node_modules/tinyglobby
753 silly ADD node_modules/rollup
754 silly ADD node_modules/postcss
755 silly ADD node_modules/picomatch
756 silly ADD
757 silly ADD node_modules/fdir
758 silly ADD node_modules/esbuild
759 silly ADD node_modules/@rolldown/pluginutils
760 silly ADD node_modules/vue
761 silly ADD node_modules/vite
762 silly ADD node_modules/@vitejs/plugin-vue
763 verbose cwd /Users/skye/work/edu/frontend
764 verbose os Darwin 21.6.0
765 verbose node v22.21.1
766 verbose npm  v10.9.4
767 verbose exit 0
768 info ok
