0 verbose cli /usr/local/bin/node /usr/local/bin/npm
1 info using npm@10.9.4
2 info using node@v22.21.1
3 silly config load:file:/usr/local/lib/node_modules/npm/npmrc
4 silly config load:file:/Users/skye/work/edu/.npmrc
5 silly config load:file:/Users/skye/.npmrc
6 silly config load:file:/usr/local/etc/npmrc
7 verbose title npm create vite@latest frontend --template vue
8 verbose argv "create" "vite@latest" "frontend" "--" "--template" "vue"
9 verbose logfile logs-max:10 dir:/Users/skye/work/edu/.npm-cache/_logs/2025-12-01T06_17_30_933Z-
10 verbose logfile /Users/skye/work/edu/.npm-cache/_logs/2025-12-01T06_17_30_933Z-debug-0.log
11 silly logfile done cleaning log files
12 silly packumentCache heap:2197815296 maxSize:549453824 maxEntrySize:274726912
13 http fetch GET 200 https://registry.npmjs.org/create-vite 856ms (cache miss)
14 silly packumentCache heap:2197815296 maxSize:549453824 maxEntrySize:274726912
15 http fetch GET 200 https://registry.npmjs.org/npm 4094ms
16 silly idealTree buildDeps
17 silly fetch manifest create-vite@8.2.0
18 silly packumentCache full:https://registry.npmjs.org/create-vite cache-miss
19 http fetch GET 200 https://registry.npmjs.org/create-vite 239ms (cache miss)
20 silly packumentCache full:https://registry.npmjs.org/create-vite set size:undefined disposed:false
21 silly placeDep ROOT create-vite@8.2.0 OK for:  want: 8.2.0
22 silly reify moves {}
23 silly audit bulk request { 'create-vite': [ '8.2.0' ] }
24 http cache create-vite@https://registry.npmjs.org/create-vite/-/create-vite-8.2.0.tgz 1ms (cache hit)
25 silly tarball no local data for create-vite@https://registry.npmjs.org/create-vite/-/create-vite-8.2.0.tgz. Extracting by manifest.
26 http fetch POST 200 https://registry.npmjs.org/-/npm/v1/security/advisories/bulk 247ms
27 silly audit report {}
28 http fetch GET 200 https://registry.npmjs.org/create-vite/-/create-vite-8.2.0.tgz 349ms (cache miss)
